<?xml version="1.0" encoding="UTF-8"?>
<testsuite name="com.foo.bowling.application.GameOfBowlingConsoleRunnerTest" tests="3" skipped="0" failures="0" errors="0" timestamp="2022-02-14T00:51:15" hostname="pratyooshs-air.lan" time="2.74">
  <properties/>
  <testcase name="No score entered, successful run" classname="com.foo.bowling.application.GameOfBowlingConsoleRunnerTest" time="2.676"/>
  <testcase name="No score entered, successful run" classname="com.foo.bowling.application.GameOfBowlingConsoleRunnerTest" time="0.037"/>
  <testcase name="No score entered, successful run" classname="com.foo.bowling.application.GameOfBowlingConsoleRunnerTest" time="0.019"/>
  <system-out><![CDATA[19:51:18.114 [Test worker] ERROR com.foo.bowling.application.GameOfBowlingConsoleRunner - Invalid number entered in input java.util.Scanner[delimiters=\p{javaWhitespace}+][position=4][match valid=true][need input=false][source closed=false][skipped=false][group separator=\,][decimal separator=\.][positive prefix=][negative prefix=\Q-\E][positive suffix=][negative suffix=][NaN string=\Q�\E][infinity string=\Q∞\E]
19:51:18.141 [Test worker] ERROR com.foo.bowling.application.GameOfBowlingConsoleRunner - FATAL: Game allowed user to enter more input than expected, resulting into exception, this may be a code error
com.foo.bowling.utils.exceptions.AlreadyScoredException: null
]]></system-out>
  <system-err><![CDATA[]]></system-err>
</testsuite>
