<?xml version="1.0" encoding="UTF-8"?>
<testsuite name="com.foo.bowling.engine.GameTest" tests="7" skipped="0" failures="0" errors="0" timestamp="2022-02-14T00:51:18" hostname="pratyooshs-air.lan" time="0.111">
  <properties/>
  <testcase name="1 ==&gt; For game with attempted scores {0} expected result is 153" classname="com.foo.bowling.engine.GameTest" time="0.08"/>
  <testcase name="2 ==&gt; For game with attempted scores {0} expected result is 300" classname="com.foo.bowling.engine.GameTest" time="0.002"/>
  <testcase name="3 ==&gt; For game with attempted scores {0} expected result is 169" classname="com.foo.bowling.engine.GameTest" time="0.003"/>
  <testcase name="4 ==&gt; For game with attempted scores {0} expected result is 186" classname="com.foo.bowling.engine.GameTest" time="0.001"/>
  <testcase name="5 ==&gt; For game with attempted scores {0} expected result is 202" classname="com.foo.bowling.engine.GameTest" time="0.003"/>
  <testcase name="6 ==&gt; For game with attempted scores {0} expected result is 276" classname="com.foo.bowling.engine.GameTest" time="0.002"/>
  <testcase name="testIllegalScoreThrows()" classname="com.foo.bowling.engine.GameTest" time="0.002"/>
  <system-out><![CDATA[]]></system-out>
  <system-err><![CDATA[]]></system-err>
</testsuite>
