<?xml version="1.0" encoding="UTF-8"?>
<testsuite name="com.foo.bowling.GameOfBowlingTest" tests="1" skipped="0" failures="0" errors="0" timestamp="2022-02-14T00:51:18" hostname="pratyooshs-air.lan" time="0.027">
  <properties/>
  <testcase name="testMain()" classname="com.foo.bowling.GameOfBowlingTest" time="0.027"/>
  <system-out><![CDATA[Welcome to the game! Enter your attempt score when prompted
Enter your score during an attempt [0-10]:

[Game Score: 0] [[Frame Score:(10) |10| |X|]]
Enter your score during an attempt [0-10]:

[Game Score: 0] [[Frame Score:(20) |10| |X|], [Frame Score:(10) |10| |X|]]
Enter your score during an attempt [0-10]:

[Game Score: 30] [[Frame Score:(30) |10| |X|], [Frame Score:(20) |10| |X|], [Frame Score:(10) |10| |X|]]
Enter your score during an attempt [0-10]:

[Game Score: 60] [[Frame Score:(30) |10| |X|], [Frame Score:(30) |10| |X|], [Frame Score:(20) |10| |X|], [Frame Score:(10) |10| |X|]]
Enter your score during an attempt [0-10]:

[Game Score: 90] [[Frame Score:(30) |10| |X|], [Frame Score:(30) |10| |X|], [Frame Score:(30) |10| |X|], [Frame Score:(20) |10| |X|], [Frame Score:(10) |10| |X|]]
Enter your score during an attempt [0-10]:

[Game Score: 120] [[Frame Score:(30) |10| |X|], [Frame Score:(30) |10| |X|], [Frame Score:(30) |10| |X|], [Frame Score:(30) |10| |X|], [Frame Score:(20) |10| |X|], [Frame Score:(10) |10| |X|]]
Enter your score during an attempt [0-10]:

[Game Score: 150] [[Frame Score:(30) |10| |X|], [Frame Score:(30) |10| |X|], [Frame Score:(30) |10| |X|], [Frame Score:(30) |10| |X|], [Frame Score:(30) |10| |X|], [Frame Score:(20) |10| |X|], [Frame Score:(10) |10| |X|]]
Enter your score during an attempt [0-10]:

[Game Score: 180] [[Frame Score:(30) |10| |X|], [Frame Score:(30) |10| |X|], [Frame Score:(30) |10| |X|], [Frame Score:(30) |10| |X|], [Frame Score:(30) |10| |X|], [Frame Score:(30) |10| |X|], [Frame Score:(20) |10| |X|], [Frame Score:(10) |10| |X|]]
Enter your score during an attempt [0-10]:

[Game Score: 210] [[Frame Score:(30) |10| |X|], [Frame Score:(30) |10| |X|], [Frame Score:(30) |10| |X|], [Frame Score:(30) |10| |X|], [Frame Score:(30) |10| |X|], [Frame Score:(30) |10| |X|], [Frame Score:(30) |10| |X|], [Frame Score:(20) |10| |X|], [Frame Score:(10) |10| |X|]]
Enter your score during an attempt [0-10]:

[Game Score: 240] [[Frame Score:(30) |10| |X|], [Frame Score:(30) |10| |X|], [Frame Score:(30) |10| |X|], [Frame Score:(30) |10| |X|], [Frame Score:(30) |10| |X|], [Frame Score:(30) |10| |X|], [Frame Score:(30) |10| |X|], [Frame Score:(30) |10| |X|], [Frame Score:(20) |10| |X|], [Frame Score:(10) |10| | | |-1|]]
Enter your score during an attempt [0-10]:

[Game Score: 270] [[Frame Score:(30) |10| |X|], [Frame Score:(30) |10| |X|], [Frame Score:(30) |10| |X|], [Frame Score:(30) |10| |X|], [Frame Score:(30) |10| |X|], [Frame Score:(30) |10| |X|], [Frame Score:(30) |10| |X|], [Frame Score:(30) |10| |X|], [Frame Score:(30) |10| |X|], [Frame Score:(20) |10| |10| |-1|]]
Enter your score during an attempt [0-10]:

[Game Score: 300] [[Frame Score:(30) |10| |X|], [Frame Score:(30) |10| |X|], [Frame Score:(30) |10| |X|], [Frame Score:(30) |10| |X|], [Frame Score:(30) |10| |X|], [Frame Score:(30) |10| |X|], [Frame Score:(30) |10| |X|], [Frame Score:(30) |10| |X|], [Frame Score:(30) |10| |X|], [Frame Score:(30) |10| |10| |10|]]
Game Over! Final score was: 300]]></system-out>
  <system-err><![CDATA[]]></system-err>
</testsuite>
