<?xml version="1.0" encoding="UTF-8"?>
<testsuite name="com.foo.bowling.engine.FrameTestLastFrame" tests="9" skipped="0" failures="0" errors="0" timestamp="2022-02-14T00:51:18" hostname="pratyooshs-air.lan" time="0.024">
  <properties/>
  <testcase name="testOpenFrame()" classname="com.foo.bowling.engine.FrameTestLastFrame" time="0.001"/>
  <testcase name="testToStringStrike()" classname="com.foo.bowling.engine.FrameTestLastFrame" time="0.002"/>
  <testcase name="testStrikeFrameComplete()" classname="com.foo.bowling.engine.FrameTestLastFrame" time="0.001"/>
  <testcase name="testToStringOpenFrame()" classname="com.foo.bowling.engine.FrameTestLastFrame" time="0.001"/>
  <testcase name="testSpareFrameIncomplete()" classname="com.foo.bowling.engine.FrameTestLastFrame" time="0.001"/>
  <testcase name="testToStringSpare()" classname="com.foo.bowling.engine.FrameTestLastFrame" time="0.002"/>
  <testcase name="testSpareFrameComplete()" classname="com.foo.bowling.engine.FrameTestLastFrame" time="0.002"/>
  <testcase name="testScoredFrameThrowsAdd()" classname="com.foo.bowling.engine.FrameTestLastFrame" time="0.001"/>
  <testcase name="testStrikeFrameIncomplete()" classname="com.foo.bowling.engine.FrameTestLastFrame" time="0.001"/>
  <system-out><![CDATA[]]></system-out>
  <system-err><![CDATA[]]></system-err>
</testsuite>
